  DungeonGenerator.cpp
D:\Projects\VS\DungeonGeneration\DungeonGeneration\DungeonGenerator.cpp(19,64): warning C4244: аргумент: преобразование "const int" в "T", возможна потеря данных
          with
          [
              T=float
          ]
D:\Projects\VS\DungeonGeneration\DungeonGeneration\DungeonGenerator.cpp(19,57): warning C4244: аргумент: преобразование "const int" в "T", возможна потеря данных
          with
          [
              T=float
          ]
D:\Projects\VS\DungeonGeneration\DungeonGeneration\DungeonGenerator.cpp(39,26): warning C4244: аргумент: преобразование "T" в "int", возможна потеря данных
          with
          [
              T=float
          ]
D:\Projects\VS\DungeonGeneration\DungeonGeneration\DungeonGenerator.cpp(38,53): warning C4244: аргумент: преобразование "T" в "int", возможна потеря данных
          with
          [
              T=float
          ]
D:\Projects\VS\DungeonGeneration\DungeonGeneration\DungeonGenerator.cpp(42,26): warning C4244: аргумент: преобразование "T" в "int", возможна потеря данных
          with
          [
              T=float
          ]
D:\Projects\VS\DungeonGeneration\DungeonGeneration\DungeonGenerator.cpp(41,53): warning C4244: аргумент: преобразование "T" в "int", возможна потеря данных
          with
          [
              T=float
          ]
D:\Projects\VS\DungeonGeneration\DungeonGeneration\DungeonGenerator.cpp(45,55): warning C4244: аргумент: преобразование "T" в "int", возможна потеря данных
          with
          [
              T=float
          ]
D:\Projects\VS\DungeonGeneration\DungeonGeneration\DungeonGenerator.cpp(44,85): warning C4244: аргумент: преобразование "T" в "int", возможна потеря данных
          with
          [
              T=float
          ]
D:\Projects\VS\DungeonGeneration\DungeonGeneration\DungeonGenerator.cpp(48,54): warning C4244: аргумент: преобразование "T" в "int", возможна потеря данных
          with
          [
              T=float
          ]
D:\Projects\VS\DungeonGeneration\DungeonGeneration\DungeonGenerator.cpp(47,85): warning C4244: аргумент: преобразование "T" в "int", возможна потеря данных
          with
          [
              T=float
          ]
D:\Projects\VS\DungeonGeneration\DungeonGeneration\DungeonGenerator.cpp(50,41): warning C4244: аргумент: преобразование "int" в "T", возможна потеря данных
          with
          [
              T=float
          ]
D:\Projects\VS\DungeonGeneration\DungeonGeneration\DungeonGenerator.cpp(50,38): warning C4244: аргумент: преобразование "int" в "T", возможна потеря данных
          with
          [
              T=float
          ]
D:\Projects\VS\DungeonGeneration\DungeonGeneration\DungeonGenerator.cpp(50,65): warning C4244: аргумент: преобразование "int" в "T", возможна потеря данных
          with
          [
              T=float
          ]
D:\Projects\VS\DungeonGeneration\DungeonGeneration\DungeonGenerator.cpp(50,58): warning C4244: аргумент: преобразование "int" в "T", возможна потеря данных
          with
          [
              T=float
          ]
D:\Projects\VS\DungeonGeneration\DungeonGeneration\DungeonGenerator.cpp(67,10): warning C4244: инициализация: преобразование "T" в "int", возможна потеря данных
          with
          [
              T=float
          ]
D:\Projects\VS\DungeonGeneration\DungeonGeneration\DungeonGenerator.cpp(68,10): warning C4244: инициализация: преобразование "T" в "int", возможна потеря данных
          with
          [
              T=float
          ]
D:\Projects\VS\DungeonGeneration\DungeonGeneration\DungeonGenerator.cpp(70,10): warning C4244: инициализация: преобразование "T" в "int", возможна потеря данных
          with
          [
              T=float
          ]
D:\Projects\VS\DungeonGeneration\DungeonGeneration\DungeonGenerator.cpp(71,10): warning C4244: инициализация: преобразование "T" в "int", возможна потеря данных
          with
          [
              T=float
          ]
D:\Projects\VS\DungeonGeneration\DungeonGeneration\DungeonGenerator.cpp(76,63): warning C4244: аргумент: преобразование "float" в "int", возможна потеря данных
D:\Projects\VS\DungeonGeneration\DungeonGeneration\DungeonGenerator.cpp(76,45): warning C4244: аргумент: преобразование "float" в "int", возможна потеря данных
D:\Projects\VS\DungeonGeneration\DungeonGeneration\DungeonGenerator.cpp(76,23): warning C4244: инициализация: преобразование "int" в "float", возможна потеря данных
D:\Projects\VS\DungeonGeneration\DungeonGeneration\DungeonGenerator.cpp(80,12): warning C4244: =: преобразование "float" в "int", возможна потеря данных
D:\Projects\VS\DungeonGeneration\DungeonGeneration\DungeonGenerator.cpp(81,24): warning C4244: -=: преобразование "float" в "int", возможна потеря данных
D:\Projects\VS\DungeonGeneration\DungeonGeneration\DungeonGenerator.cpp(85,12): warning C4244: =: преобразование "float" в "int", возможна потеря данных
D:\Projects\VS\DungeonGeneration\DungeonGeneration\DungeonGenerator.cpp(86,24): warning C4244: -=: преобразование "float" в "int", возможна потеря данных
D:\Projects\VS\DungeonGeneration\DungeonGeneration\DungeonGenerator.cpp(89,46): warning C4244: аргумент: преобразование "int" в "T", возможна потеря данных
          with
          [
              T=float
          ]
D:\Projects\VS\DungeonGeneration\DungeonGeneration\DungeonGenerator.cpp(89,42): warning C4244: аргумент: преобразование "int" в "T", возможна потеря данных
          with
          [
              T=float
          ]
D:\Projects\VS\DungeonGeneration\DungeonGeneration\DungeonGenerator.cpp(89,71): warning C4244: аргумент: преобразование "int" в "T", возможна потеря данных
          with
          [
              T=float
          ]
D:\Projects\VS\DungeonGeneration\DungeonGeneration\DungeonGenerator.cpp(89,64): warning C4244: аргумент: преобразование "int" в "T", возможна потеря данных
          with
          [
              T=float
          ]
D:\Projects\VS\DungeonGeneration\DungeonGeneration\DungeonGenerator.cpp(95,31): warning C4244: аргумент: преобразование "int" в "T", возможна потеря данных
          with
          [
              T=float
          ]
D:\Projects\VS\DungeonGeneration\DungeonGeneration\DungeonGenerator.cpp(95,27): warning C4244: аргумент: преобразование "int" в "T", возможна потеря данных
          with
          [
              T=float
          ]
D:\Projects\VS\DungeonGeneration\DungeonGeneration\DungeonGenerator.cpp(96,31): warning C4244: аргумент: преобразование "int" в "T", возможна потеря данных
          with
          [
              T=float
          ]
D:\Projects\VS\DungeonGeneration\DungeonGeneration\DungeonGenerator.cpp(96,27): warning C4244: аргумент: преобразование "int" в "T", возможна потеря данных
          with
          [
              T=float
          ]
D:\Projects\VS\DungeonGeneration\DungeonGeneration\DungeonGenerator.cpp(136,22): warning C4244: аргумент: преобразование "T" в "int", возможна потеря данных
          with
          [
              T=float
          ]
D:\Projects\VS\DungeonGeneration\DungeonGeneration\DungeonGenerator.cpp(135,54): warning C4244: аргумент: преобразование "T" в "int", возможна потеря данных
          with
          [
              T=float
          ]
D:\Projects\VS\DungeonGeneration\DungeonGeneration\DungeonGenerator.cpp(135,35): warning C4244: аргумент: преобразование "int" в "T", возможна потеря данных
          with
          [
              T=float
          ]
D:\Projects\VS\DungeonGeneration\DungeonGeneration\DungeonGenerator.cpp(154,22): warning C4244: аргумент: преобразование "T" в "int", возможна потеря данных
          with
          [
              T=float
          ]
D:\Projects\VS\DungeonGeneration\DungeonGeneration\DungeonGenerator.cpp(153,73): warning C4244: аргумент: преобразование "T" в "int", возможна потеря данных
          with
          [
              T=float
          ]
D:\Projects\VS\DungeonGeneration\DungeonGeneration\DungeonGenerator.cpp(153,54): warning C4244: аргумент: преобразование "int" в "T", возможна потеря данных
          with
          [
              T=float
          ]
  Leaf.cpp
  Main.cpp
  Randomizer.cpp
  Создание кода...
DungeonGenerator.obj : error LNK2019: ссылка на неразрешенный внешний символ "public: void __cdecl sf::Transformable::setPosition(float,float)" (?setPosition@Transformable@sf@@QEAAXMM@Z) в функции "public: void __cdecl DungeonGenerator::DrawCorridors(class sf::RenderWindow &)" (?DrawCorridors@DungeonGenerator@@QEAAXAEAVRenderWindow@sf@@@Z).
DungeonGenerator.obj : error LNK2019: ссылка на неразрешенный внешний символ "public: __cdecl sf::Vertex::Vertex(class sf::Vector2<float> const &)" (??0Vertex@sf@@QEAA@AEBV?$Vector2@M@1@@Z) в функции "public: void __cdecl DungeonGenerator::DrawPoints(class sf::RenderWindow &)" (?DrawPoints@DungeonGenerator@@QEAAXAEAVRenderWindow@sf@@@Z).
DungeonGenerator.obj : error LNK2019: ссылка на неразрешенный внешний символ "public: virtual __cdecl sf::Shape::~Shape(void)" (??1Shape@sf@@UEAA@XZ) в функции "public: virtual __cdecl sf::RectangleShape::~RectangleShape(void)" (??1RectangleShape@sf@@UEAA@XZ).
DungeonGenerator.obj : error LNK2019: ссылка на неразрешенный внешний символ "public: void __cdecl sf::Shape::setFillColor(class sf::Color const &)" (?setFillColor@Shape@sf@@QEAAXAEBVColor@2@@Z) в функции "public: void __cdecl DungeonGenerator::DrawCorridors(class sf::RenderWindow &)" (?DrawCorridors@DungeonGenerator@@QEAAXAEAVRenderWindow@sf@@@Z).
DungeonGenerator.obj : error LNK2019: ссылка на неразрешенный внешний символ "public: void __cdecl sf::Shape::setOutlineColor(class sf::Color const &)" (?setOutlineColor@Shape@sf@@QEAAXAEBVColor@2@@Z) в функции "public: void __cdecl DungeonGenerator::DrawLeafs(class sf::RenderWindow &,class Leaf *)" (?DrawLeafs@DungeonGenerator@@QEAAXAEAVRenderWindow@sf@@PEAVLeaf@@@Z).
DungeonGenerator.obj : error LNK2019: ссылка на неразрешенный внешний символ "public: void __cdecl sf::Shape::setOutlineThickness(float)" (?setOutlineThickness@Shape@sf@@QEAAXM@Z) в функции "public: void __cdecl DungeonGenerator::DrawLeafs(class sf::RenderWindow &,class Leaf *)" (?DrawLeafs@DungeonGenerator@@QEAAXAEAVRenderWindow@sf@@PEAVLeaf@@@Z).
DungeonGenerator.obj : error LNK2019: ссылка на неразрешенный внешний символ "public: __cdecl sf::RectangleShape::RectangleShape(class sf::Vector2<float> const &)" (??0RectangleShape@sf@@QEAA@AEBV?$Vector2@M@1@@Z) в функции "public: void __cdecl DungeonGenerator::DrawCorridors(class sf::RenderWindow &)" (?DrawCorridors@DungeonGenerator@@QEAAXAEAVRenderWindow@sf@@@Z).
DungeonGenerator.obj : error LNK2019: ссылка на неразрешенный внешний символ "public: void __cdecl sf::RenderTarget::draw(class sf::Drawable const &,class sf::RenderStates const &)" (?draw@RenderTarget@sf@@QEAAXAEBVDrawable@2@AEBVRenderStates@2@@Z) в функции "public: void __cdecl DungeonGenerator::DrawCorridors(class sf::RenderWindow &)" (?DrawCorridors@DungeonGenerator@@QEAAXAEAVRenderWindow@sf@@@Z).
DungeonGenerator.obj : error LNK2019: ссылка на неразрешенный внешний символ "public: void __cdecl sf::RenderTarget::draw(class sf::Vertex const *,unsigned __int64,enum sf::PrimitiveType,class sf::RenderStates const &)" (?draw@RenderTarget@sf@@QEAAXPEBVVertex@2@_KW4PrimitiveType@2@AEBVRenderStates@2@@Z) в функции "public: void __cdecl DungeonGenerator::DrawPoints(class sf::RenderWindow &)" (?DrawPoints@DungeonGenerator@@QEAAXAEAVRenderWindow@sf@@@Z).
DungeonGenerator.obj : error LNK2001: неразрешенный внешний символ "public: static class sf::RenderStates const sf::RenderStates::Default" (?Default@RenderStates@sf@@2V12@B).
DungeonGenerator.obj : error LNK2001: неразрешенный внешний символ "public: static class sf::Color const sf::Color::White" (?White@Color@sf@@2V12@B).
DungeonGenerator.obj : error LNK2001: неразрешенный внешний символ "public: static class sf::Color const sf::Color::Transparent" (?Transparent@Color@sf@@2V12@B).
Leaf.obj : error LNK2019: ссылка на неразрешенный внешний символ "public: __cdecl sf::Color::Color(void)" (??0Color@sf@@QEAA@XZ) в функции "public: __cdecl Leaf::Leaf(class sf::Vector2<float>,class sf::Vector2<float>)" (??0Leaf@@QEAA@V?$Vector2@M@sf@@0@Z).
Main.obj : error LNK2019: ссылка на неразрешенный внешний символ "public: __cdecl sf::String::String(char const *,class std::locale const &)" (??0String@sf@@QEAA@PEBDAEBVlocale@std@@@Z) в функции main.
Main.obj : error LNK2019: ссылка на неразрешенный внешний символ "public: __cdecl sf::VideoMode::VideoMode(unsigned int,unsigned int,unsigned int)" (??0VideoMode@sf@@QEAA@III@Z) в функции main.
Main.obj : error LNK2019: ссылка на неразрешенный внешний символ "public: void __cdecl sf::Window::close(void)" (?close@Window@sf@@QEAAXXZ) в функции main.
Main.obj : error LNK2019: ссылка на неразрешенный внешний символ "public: bool __cdecl sf::Window::isOpen(void)const " (?isOpen@Window@sf@@QEBA_NXZ) в функции main.
Main.obj : error LNK2019: ссылка на неразрешенный внешний символ "public: bool __cdecl sf::Window::pollEvent(class sf::Event &)" (?pollEvent@Window@sf@@QEAA_NAEAVEvent@2@@Z) в функции main.
Main.obj : error LNK2019: ссылка на неразрешенный внешний символ "public: void __cdecl sf::Window::display(void)" (?display@Window@sf@@QEAAXXZ) в функции main.
Main.obj : error LNK2019: ссылка на неразрешенный внешний символ "public: __cdecl sf::Color::Color(unsigned char,unsigned char,unsigned char,unsigned char)" (??0Color@sf@@QEAA@EEEE@Z) в функции main.
Main.obj : error LNK2019: ссылка на неразрешенный внешний символ "public: void __cdecl sf::RenderTarget::clear(class sf::Color const &)" (?clear@RenderTarget@sf@@QEAAXAEBVColor@2@@Z) в функции main.
Main.obj : error LNK2019: ссылка на неразрешенный внешний символ "public: __cdecl sf::RenderWindow::RenderWindow(class sf::VideoMode,class sf::String const &,unsigned int,struct sf::ContextSettings const &)" (??0RenderWindow@sf@@QEAA@VVideoMode@1@AEBVString@1@IAEBUContextSettings@1@@Z) в функции main.
Main.obj : error LNK2019: ссылка на неразрешенный внешний символ "public: virtual __cdecl sf::RenderWindow::~RenderWindow(void)" (??1RenderWindow@sf@@UEAA@XZ) в функции main.
D:\Projects\VS\DungeonGeneration\x64\Debug\DungeonGeneration.exe : fatal error LNK1120: неразрешенных внешних элементов: 23
